<?xml version="1.0" encoding="UTF-8"?>
<!-- Generated by org.testng.reporters.JUnitXMLReporter -->
<testsuite ignored="0" hostname="MURALIKURUMA" failures="0" tests="1" name="Test-fb" time="10.033" errors="0" timestamp="2025-07-30T09:36:11 IST">
  <testcase classname="TestNG.Using_NavigateFacebook" name="facebookTest" time="9.939"/>
</testsuite> <!-- Test-fb -->
