<?xml version="1.0" encoding="UTF-8"?>
<!-- Generated by org.testng.reporters.JUnitReportReporter -->
<testsuite hostname="MURALIKURUMA" failures="0" tests="2" name="TestNG.Using_DependencyOnMethodFlag" time="0.010" errors="0" timestamp="2025-07-30T08:43:10 IST" skipped="0">
  <testcase classname="TestNG.Using_DependencyOnMethodFlag" name="java" time="0.003"/>
  <testcase classname="TestNG.Using_DependencyOnMethodFlag" name="automation" time="0.007"/>
</testsuite> <!-- TestNG.Using_DependencyOnMethodFlag -->
