<?xml version="1.0" encoding="UTF-8"?>
<!-- Generated by org.testng.reporters.JUnitReportReporter -->
<testsuite hostname="MURALIKURUMA" failures="0" tests="2" name="TestNG.Using_NavigateFlipkart" time="128.954" errors="0" timestamp="2025-07-30T09:58:41 IST" skipped="0">
  <testcase classname="TestNG.Using_NavigateFlipkart" name="flipkart" time="70.589">
    <system-out>
      <![CDATA[fliplart]]>
    </system-out>
  </testcase> <!-- flipkart -->
  <testcase classname="TestNG.Using_NavigateFlipkart" name="flipkart" time="58.365">
    <system-out>
      <![CDATA[fliplart]]>
    </system-out>
  </testcase> <!-- flipkart -->
  <system-out>
    <![CDATA[facebook 
facebook 
fliplart
fliplart]]>
  </system-out>
</testsuite> <!-- TestNG.Using_NavigateFlipkart -->
