<?xml version="1.0" encoding="UTF-8"?>
<!-- Generated by org.testng.reporters.JUnitReportReporter -->
<testsuite hostname="MURALIKURUMA" failures="0" tests="2" name="TestNG.Using_EnableClass" time="0.017" errors="0" timestamp="2025-07-30T08:43:10 IST" skipped="1">
  <testcase classname="TestNG.Using_EnableClass" name="cat" time="0.017"/>
  <testcase classname="TestNG.Using_EnableClass" name="jerry">
    <skipped/>
  </testcase> <!-- jerry -->
</testsuite> <!-- TestNG.Using_EnableClass -->
