<?xml version="1.0" encoding="UTF-8"?>
<!-- Generated by org.testng.reporters.JUnitReportReporter -->
<testsuite hostname="MURALIKURUMA" failures="0" tests="5" name="TestNG.Using_innnvocationCount" time="0.031" errors="0" timestamp="2025-07-30T08:21:05 IST" skipped="0">
  <testcase classname="TestNG.Using_innnvocationCount" name="login" time="0.004"/>
  <testcase classname="TestNG.Using_innnvocationCount" name="login" time="0.002"/>
  <testcase classname="TestNG.Using_innnvocationCount" name="login" time="0.003"/>
  <testcase classname="TestNG.Using_innnvocationCount" name="register" time="0.003"/>
  <testcase classname="TestNG.Using_innnvocationCount" name="create" time="0.019"/>
</testsuite> <!-- TestNG.Using_innnvocationCount -->
