<?xml version="1.0" encoding="UTF-8"?>
<!-- Generated by org.testng.reporters.JUnitReportReporter -->
<testsuite hostname="MURALIKURUMA" failures="0" tests="1" name="TestNG.Simple_Text" time="0.002" errors="0" timestamp="2025-07-30T08:43:10 IST" skipped="0">
  <testcase classname="TestNG.Simple_Text" name="sampleTest" time="0.002"/>
</testsuite> <!-- TestNG.Simple_Text -->
