<?xml version="1.0" encoding="UTF-8"?>
<!-- Generated by org.testng.reporters.JUnitReportReporter -->
<testsuite hostname="MURALIKURUMA" failures="0" tests="1" name="Assertions.usingSoftAssert" time="4.503" errors="0" timestamp="2025-07-31T09:16:42 IST" skipped="0">
  <testcase classname="Assertions.usingSoftAssert" name="softAssert" time="4.503"/>
</testsuite> <!-- Assertions.usingSoftAssert -->
