<?xml version="1.0" encoding="UTF-8"?>
<!-- Generated by org.testng.reporters.JUnitReportReporter -->
<testsuite hostname="MURALIKURUMA" failures="0" tests="2" name="TestNG.Using_NavigateFacebook" time="116.398" errors="0" timestamp="2025-07-30T09:58:41 IST" skipped="0">
  <testcase classname="TestNG.Using_NavigateFacebook" name="facebookTest" time="35.268">
    <system-out>
      <![CDATA[facebook ]]>
    </system-out>
  </testcase> <!-- facebookTest -->
  <testcase classname="TestNG.Using_NavigateFacebook" name="facebookTest" time="81.130">
    <system-out>
      <![CDATA[facebook ]]>
    </system-out>
  </testcase> <!-- facebookTest -->
  <system-out>
    <![CDATA[facebook 
facebook 
fliplart
fliplart]]>
  </system-out>
</testsuite> <!-- TestNG.Using_NavigateFacebook -->
