<?xml version="1.0" encoding="UTF-8"?>
<!-- Generated by org.testng.reporters.JUnitReportReporter -->
<testsuite hostname="MURALIKURUMA" failures="0" tests="3" name="DataProviders.Using_MultipeSetOfDataProviders" time="0.022" errors="0" timestamp="2025-07-31T09:49:16 IST" skipped="0">
  <testcase classname="DataProviders.Using_MultipeSetOfDataProviders" name="loginTestScript" time="0.018"/>
  <testcase classname="DataProviders.Using_MultipeSetOfDataProviders" name="loginTestScript" time="0.001"/>
  <testcase classname="DataProviders.Using_MultipeSetOfDataProviders" name="loginTestScript" time="0.003"/>
</testsuite> <!-- DataProviders.Using_MultipeSetOfDataProviders -->
