<?xml version="1.0" encoding="UTF-8"?>
<!-- Generated by org.testng.reporters.JUnitReportReporter -->
<testsuite hostname="MURALIKURUMA" failures="0" tests="10" name="TestNG.Using_invocationCount" time="0.032" errors="0" timestamp="2025-07-30T09:58:41 IST" skipped="0">
  <testcase classname="TestNG.Using_invocationCount" name="register" time="0.002"/>
  <testcase classname="TestNG.Using_invocationCount" name="register" time="0.000"/>
  <testcase classname="TestNG.Using_invocationCount" name="login" time="0.002"/>
  <testcase classname="TestNG.Using_invocationCount" name="login" time="0.007"/>
  <testcase classname="TestNG.Using_invocationCount" name="create" time="0.005"/>
  <testcase classname="TestNG.Using_invocationCount" name="create" time="0.006"/>
  <testcase classname="TestNG.Using_invocationCount" name="create" time="0.001"/>
  <testcase classname="TestNG.Using_invocationCount" name="create" time="0.006"/>
  <testcase classname="TestNG.Using_invocationCount" name="create" time="0.002"/>
  <testcase classname="TestNG.Using_invocationCount" name="create" time="0.001"/>
  <system-out>
    <![CDATA[facebook 
facebook 
fliplart
fliplart]]>
  </system-out>
</testsuite> <!-- TestNG.Using_invocationCount -->
