<?xml version="1.0" encoding="UTF-8"?>
<!-- Generated by org.testng.reporters.JUnitReportReporter -->
<testsuite hostname="MURALIKURUMA" failures="0" tests="1" name="TestNG.Using_NavigateSwiggy" time="33.838" errors="0" timestamp="2025-07-30T09:36:35 IST" skipped="0">
  <testcase classname="TestNG.Using_NavigateSwiggy" name="swiggy" time="33.838">
    <system-out>
      <![CDATA[swiggy]]>
    </system-out>
  </testcase> <!-- swiggy -->
  <system-out>
    <![CDATA[facebook 
fliplart
swiggy]]>
  </system-out>
</testsuite> <!-- TestNG.Using_NavigateSwiggy -->
