<?xml version="1.0" encoding="UTF-8"?>
<!-- Generated by org.testng.reporters.JUnitReportReporter -->
<testsuite hostname="MURALIKURUMA" failures="0" tests="5" name="TestNG.Using_ThreadPollSize" time="0.018" errors="0" timestamp="2025-07-30T08:43:10 IST" skipped="0">
  <testcase classname="TestNG.Using_ThreadPollSize" name="shinchan" time="0.003"/>
  <testcase classname="TestNG.Using_ThreadPollSize" name="doremon" time="0.004"/>
  <testcase classname="TestNG.Using_ThreadPollSize" name="doremon" time="0.003"/>
  <testcase classname="TestNG.Using_ThreadPollSize" name="doremon" time="0.002"/>
  <testcase classname="TestNG.Using_ThreadPollSize" name="doremon" time="0.006"/>
</testsuite> <!-- TestNG.Using_ThreadPollSize -->
