<?xml version="1.0" encoding="UTF-8"?>
<!-- Generated by org.testng.reporters.JUnitReportReporter -->
<testsuite hostname="MURALIKURUMA" failures="0" tests="3" name="TestNG.Using_PriorityFlag" time="0.006" errors="0" timestamp="2025-07-30T08:43:10 IST" skipped="0">
  <testcase classname="TestNG.Using_PriorityFlag" name="register" time="0.002"/>
  <testcase classname="TestNG.Using_PriorityFlag" name="login" time="0.002"/>
  <testcase classname="TestNG.Using_PriorityFlag" name="create" time="0.002"/>
</testsuite> <!-- TestNG.Using_PriorityFlag -->
